<?xml version="1.0" encoding="UTF-8"?>
<!-- Generated by org.testng.reporters.JUnitXMLReporter -->
<testsuite hostname="DESKTOP-ANLVD96" ignored="0" name="testng test" tests="3" failures="1" timestamp="28 Dec 2018 15:33:09 GMT" time="11.978" errors="0">
  <testcase name="googleTitle" time="0.016" classname="com.test.TestngBasic"/>
  <testcase name="googleLogoText" time="0.055" classname="com.test.GoogleTest">
    <failure type="java.lang.AssertionError" message="expected [false] but found [true]">
      <![CDATA[java.lang.AssertionError: expected [false] but found [true]
at com.test.GoogleTest.googleLogoText(GoogleTest.java:50)
... Removed 31 stack frames]]>
    </failure>
  </testcase> <!-- googleLogoText -->
  <testcase name="googleTestTitle" time="0.01" classname="com.test.GoogleTest"/>
</testsuite> <!-- testng test -->
